# JRE version: Java(TM) SE Runtime Environment (8.0_301-b09) (build 1.8.0_301-b09)
# Java VM: Java HotSpot(TM) 64-Bit Server VM (25.301-b09 mixed mode windows-amd64 compressed oops)
Heap:
 PSYoungGen      total 53760K, used 10248K [0x00000000eb500000, 0x00000000f0080000, 0x0000000100000000)
  eden space 48128K, 9% used [0x00000000eb500000,0x00000000eb98d388,0x00000000ee400000)
  from space 5632K, 99% used [0x00000000efb00000,0x00000000f0074cd8,0x00000000f0080000)
  to   space 6656K, 0% used [0x00000000ef380000,0x00000000ef380000,0x00000000efa00000)
 ParOldGen       total 35328K, used 6640K [0x00000000c1e00000, 0x00000000c4080000, 0x00000000eb500000)
  object space 35328K, 18% used [0x00000000c1e00000,0x00000000c247c3e0,0x00000000c4080000)
 Metaspace       used 28612K, capacity 29714K, committed 29872K, reserved 1075200K
  class space    used 3474K, capacity 3682K, committed 3760K, reserved 1048576K
GC Heap History (10 events):
Event: 1.372 GC heap before
{Heap before GC invocations=3 (full 0):
 PSYoungGen      total 18944K, used 18930K [0x00000000eb500000, 0x00000000eda00000, 0x0000000100000000)
  eden space 16384K, 100% used [0x00000000eb500000,0x00000000ec500000,0x00000000ec500000)
  from space 2560K, 99% used [0x00000000ec780000,0x00000000ec9fc8a8,0x00000000eca00000)
  to   space 2560K, 0% used [0x00000000ec500000,0x00000000ec500000,0x00000000ec780000)
 ParOldGen       total 44032K, used 4469K [0x00000000c1e00000, 0x00000000c4900000, 0x00000000eb500000)
  object space 44032K, 10% used [0x00000000c1e00000,0x00000000c225d7b8,0x00000000c4900000)
 Metaspace       used 16295K, capacity 16970K, committed 17152K, reserved 1064960K
  class space    used 1926K, capacity 2033K, committed 2048K, reserved 1048576K
Event: 1.378 GC heap after
Heap after GC invocations=3 (full 0):
 PSYoungGen      total 18944K, used 2528K [0x00000000eb500000, 0x00000000eda00000, 0x0000000100000000)
  eden space 16384K, 0% used [0x00000000eb500000,0x00000000eb500000,0x00000000ec500000)
  from space 2560K, 98% used [0x00000000ec500000,0x00000000ec778020,0x00000000ec780000)
  to   space 2560K, 0% used [0x00000000ed780000,0x00000000ed780000,0x00000000eda00000)
 ParOldGen       total 44032K, used 7446K [0x00000000c1e00000, 0x00000000c4900000, 0x00000000eb500000)
  object space 44032K, 16% used [0x00000000c1e00000,0x00000000c2545918,0x00000000c4900000)
 Metaspace       used 16295K, capacity 16970K, committed 17152K, reserved 1064960K
  class space    used 1926K, capacity 2033K, committed 2048K, reserved 1048576K
}
Event: 1.666 GC heap before
{Heap before GC invocations=4 (full 0):
 PSYoungGen      total 18944K, used 18912K [0x00000000eb500000, 0x00000000eda00000, 0x0000000100000000)
  eden space 16384K, 100% used [0x00000000eb500000,0x00000000ec500000,0x00000000ec500000)
  from space 2560K, 98% used [0x00000000ec500000,0x00000000ec778020,0x00000000ec780000)
  to   space 2560K, 0% used [0x00000000ed780000,0x00000000ed780000,0x00000000eda00000)
 ParOldGen       total 44032K, used 7446K [0x00000000c1e00000, 0x00000000c4900000, 0x00000000eb500000)
  object space 44032K, 16% used [0x00000000c1e00000,0x00000000c2545918,0x00000000c4900000)
 Metaspace       used 19264K, capacity 20098K, committed 20224K, reserved 1067008K
  class space    used 2285K, capacity 2445K, committed 2560K, reserved 1048576K
Event: 1.671 GC heap after
Heap after GC invocations=4 (full 0):
 PSYoungGen      total 35328K, used 2544K [0x00000000eb500000, 0x00000000eda00000, 0x0000000100000000)
  eden space 32768K, 0% used [0x00000000eb500000,0x00000000eb500000,0x00000000ed500000)
  from space 2560K, 99% used [0x00000000ed780000,0x00000000ed9fc040,0x00000000eda00000)
  to   space 2560K, 0% used [0x00000000ed500000,0x00000000ed500000,0x00000000ed780000)
 ParOldGen       total 44032K, used 10196K [0x00000000c1e00000, 0x00000000c4900000, 0x00000000eb500000)
  object space 44032K, 23% used [0x00000000c1e00000,0x00000000c27f5370,0x00000000c4900000)
 Metaspace       used 19264K, capacity 20098K, committed 20224K, reserved 1067008K
  class space    used 2285K, capacity 2445K, committed 2560K, reserved 1048576K
}
Event: 1.881 GC heap before
{Heap before GC invocations=5 (full 0):
 PSYoungGen      total 35328K, used 9615K [0x00000000eb500000, 0x00000000eda00000, 0x0000000100000000)
  eden space 32768K, 21% used [0x00000000eb500000,0x00000000ebbe7bf0,0x00000000ed500000)
  from space 2560K, 99% used [0x00000000ed780000,0x00000000ed9fc040,0x00000000eda00000)
  to   space 2560K, 0% used [0x00000000ed500000,0x00000000ed500000,0x00000000ed780000)
 ParOldGen       total 44032K, used 10196K [0x00000000c1e00000, 0x00000000c4900000, 0x00000000eb500000)
  object space 44032K, 23% used [0x00000000c1e00000,0x00000000c27f5370,0x00000000c4900000)
 Metaspace       used 20234K, capacity 21148K, committed 21296K, reserved 1069056K
  class space    used 2397K, capacity 2581K, committed 2608K, reserved 1048576K
Event: 1.886 GC heap after
Heap after GC invocations=5 (full 0):
 PSYoungGen      total 35328K, used 2544K [0x00000000eb500000, 0x00000000f0100000, 0x0000000100000000)
  eden space 32768K, 0% used [0x00000000eb500000,0x00000000eb500000,0x00000000ed500000)
  from space 2560K, 99% used [0x00000000ed500000,0x00000000ed77c060,0x00000000ed780000)
  to   space 6144K, 0% used [0x00000000efb00000,0x00000000efb00000,0x00000000f0100000)
 ParOldGen       total 44032K, used 11846K [0x00000000c1e00000, 0x00000000c4900000, 0x00000000eb500000)
  object space 44032K, 26% used [0x00000000c1e00000,0x00000000c2991b18,0x00000000c4900000)
 Metaspace       used 20234K, capacity 21148K, committed 21296K, reserved 1069056K
  class space    used 2397K, capacity 2581K, committed 2608K, reserved 1048576K
}
Event: 1.886 GC heap before
{Heap before GC invocations=6 (full 1):
 PSYoungGen      total 35328K, used 2544K [0x00000000eb500000, 0x00000000f0100000, 0x0000000100000000)
  eden space 32768K, 0% used [0x00000000eb500000,0x00000000eb500000,0x00000000ed500000)
  from space 2560K, 99% used [0x00000000ed500000,0x00000000ed77c060,0x00000000ed780000)
  to   space 6144K, 0% used [0x00000000efb00000,0x00000000efb00000,0x00000000f0100000)
 ParOldGen       total 44032K, used 11846K [0x00000000c1e00000, 0x00000000c4900000, 0x00000000eb500000)
  object space 44032K, 26% used [0x00000000c1e00000,0x00000000c2991b18,0x00000000c4900000)
 Metaspace       used 20234K, capacity 21148K, committed 21296K, reserved 1069056K
  class space    used 2397K, capacity 2581K, committed 2608K, reserved 1048576K
Event: 1.915 GC heap after
Heap after GC invocations=6 (full 1):
 PSYoungGen      total 35328K, used 0K [0x00000000eb500000, 0x00000000f0100000, 0x0000000100000000)
  eden space 32768K, 0% used [0x00000000eb500000,0x00000000eb500000,0x00000000ed500000)
  from space 2560K, 0% used [0x00000000ed500000,0x00000000ed500000,0x00000000ed780000)
  to   space 6144K, 0% used [0x00000000efb00000,0x00000000efb00000,0x00000000f0100000)
 ParOldGen       total 35328K, used 6632K [0x00000000c1e00000, 0x00000000c4080000, 0x00000000eb500000)
  object space 35328K, 18% used [0x00000000c1e00000,0x00000000c247a3e0,0x00000000c4080000)
 Metaspace       used 20234K, capacity 21148K, committed 21296K, reserved 1069056K
  class space    used 2397K, capacity 2581K, committed 2608K, reserved 1048576K
}
Event: 3.203 GC heap before
{Heap before GC invocations=7 (full 1):
 PSYoungGen      total 35328K, used 32768K [0x00000000eb500000, 0x00000000f0100000, 0x0000000100000000)
  eden space 32768K, 100% used [0x00000000eb500000,0x00000000ed500000,0x00000000ed500000)
  from space 2560K, 0% used [0x00000000ed500000,0x00000000ed500000,0x00000000ed780000)
  to   space 6144K, 0% used [0x00000000efb00000,0x00000000efb00000,0x00000000f0100000)
 ParOldGen       total 35328K, used 6632K [0x00000000c1e00000, 0x00000000c4080000, 0x00000000eb500000)
  object space 35328K, 18% used [0x00000000c1e00000,0x00000000c247a3e0,0x00000000c4080000)
 Metaspace       used 28274K, capacity 29370K, committed 29616K, reserved 1075200K
  class space    used 3421K, capacity 3634K, committed 3760K, reserved 1048576K
Event: 3.213 GC heap after
Heap after GC invocations=7 (full 1):
 PSYoungGen      total 53760K, used 5587K [0x00000000eb500000, 0x00000000f0080000, 0x0000000100000000)
  eden space 48128K, 0% used [0x00000000eb500000,0x00000000eb500000,0x00000000ee400000)
  from space 5632K, 99% used [0x00000000efb00000,0x00000000f0074cd8,0x00000000f0080000)
  to   space 6656K, 0% used [0x00000000ef380000,0x00000000ef380000,0x00000000efa00000)
 ParOldGen       total 35328K, used 6640K [0x00000000c1e00000, 0x00000000c4080000, 0x00000000eb500000)
  object space 35328K, 18% used [0x00000000c1e00000,0x00000000c247c3e0,0x00000000c4080000)
 Metaspace       used 28274K, capacity 29370K, committed 29616K, reserved 1075200K
  class space    used 3421K, capacity 3634K, committed 3760K, reserved 1048576K
}

