-------------------------------------------------------------------------------
Test set: tests.ArticleTests
-------------------------------------------------------------------------------
Tests run: 2, Failures: 0, Errors: 2, Skipped: 0, Time elapsed: 0.804 s <<< FAILURE! - in tests.ArticleTests
testOfSaveTwoArticles(tests.ArticleTests)  Time elapsed: 0.408 s  <<< ERROR!
java.lang.Exception: Cannot detect type of the Driver

testOfSaveTwoArticles(tests.ArticleTests)  Time elapsed: 0.412 s  <<< ERROR!
java.lang.NullPointerException

