<?xml version="1.0" encoding="UTF-8"?>
<testsuite xmlns:xsi="http://www.w3.org/2001/XMLSchema-instance" xsi:noNamespaceSchemaLocation="https://maven.apache.org/surefire/maven-surefire-plugin/xsd/surefire-test-report.xsd" name="tests.ArticleTests" time="0.804" tests="2" errors="2" skipped="0" failures="0">
  <properties>
[...]
</properties>
  <testcase name="testOfSaveTwoArticles" classname="tests.ArticleTests" time="0.408">
    <error message="Cannot detect type of the Driver" type="java.lang.Exception">java.lang.Exception: Cannot detect type of the Driver
</error>
  </testcase>
  <testcase name="testOfSaveTwoArticles" classname="tests.ArticleTests" time="0.412">
    <error type="java.lang.NullPointerException">java.lang.NullPointerException
</error>
  </testcase>
</testsuite>